<?xml version="1.0" encoding="UTF-8"?>
<!-- Generated by org.testng.reporters.JUnitReportReporter -->
<testsuite hostname="TALEW42NLPC2915" failures="0" tests="2" name="tests.LoginTest" time="27.138" errors="0" timestamp="2025-08-28T17:08:15 IST" skipped="0">
  <testcase classname="tests.LoginTest" name="testValidLogin" time="20.236"/>
  <testcase classname="tests.LoginTest" name="testInvalidLogin" time="6.902"/>
</testsuite> <!-- tests.LoginTest -->
